<?xml version="1.0" encoding="UTF-8"?>
<!-- Generated by org.testng.reporters.JUnitXMLReporter -->
<testsuite ignored="0" hostname="ASPBS-263" failures="1" tests="2" name="Sauce Test - FF" time="34.312" errors="0" timestamp="2022-07-06T11:48:59 IST">
  <testcase classname="com.test.Saucelab.SauceTest" name="OpenFirefox" time="12.891"/>
  <testcase classname="com.test.Saucelab.SauceTest" name="OpenGoogle" time="4.528">
    <failure type="org.openqa.selenium.NoSuchElementException" message="Unable to locate element: Sign in
For documentation on this error, please visit: https://selenium.dev/exceptions/#no_such_element
Build info: version: &amp;apos;4.2.1&amp;apos;, revision: &amp;apos;ac4d0fdd4a&amp;apos;
System info: host: &amp;apos;ASPBS-263&amp;apos;, ip: &amp;apos;172.24.133.85&amp;apos;, os.name: &amp;apos;Windows 10&amp;apos;, os.arch: &amp;apos;amd64&amp;apos;, os.version: &amp;apos;10.0&amp;apos;, java.version: &amp;apos;17.0.2&amp;apos;
Driver info: org.openqa.selenium.remote.RemoteWebDriver
Command: [983c48f40beb4e05850dd75bc8d7a42e, findElement {using=link text, value=Sign in}]
Capabilities {acceptInsecureCerts: false, browserName: firefox, browserVersion: 102.0, moz:accessibilityChecks: false, moz:buildID: 20220623063721, moz:geckodriverVersion: 0.30.0, moz:headless: false, moz:processID: 4388, moz:profile: C:\Users\sauce\AppData\Loca..., moz:shutdownTimeout: 60000, moz:useNonSpecCompliantPointerOrigin: false, moz:webdriverClick: true, moz:windowless: false, pageLoadStrategy: normal, platformName: WINDOWS, platformVersion: 10.0, proxy: Proxy(), selenium:webdriver.remote.quietExceptions: false, setWindowRect: true, strictFileInteractability: false, timeouts: {implicit: 0, pageLoad: 300000, script: 30000}, unhandledPromptBehavior: dismiss and notify, webdriver.remote.sessionid: fbaf8b56-1c13-4785-aae5-04b...}
Session ID: 983c48f40beb4e05850dd75bc8d7a42e">
      <![CDATA[org.openqa.selenium.NoSuchElementException: Unable to locate element: Sign in
For documentation on this error, please visit: https://selenium.dev/exceptions/#no_such_element
Build info: version: '4.2.1', revision: 'ac4d0fdd4a'
System info: host: 'ASPBS-263', ip: '172.24.133.85', os.name: 'Windows 10', os.arch: 'amd64', os.version: '10.0', java.version: '17.0.2'
Driver info: org.openqa.selenium.remote.RemoteWebDriver
Command: [983c48f40beb4e05850dd75bc8d7a42e, findElement {using=link text, value=Sign in}]
Capabilities {acceptInsecureCerts: false, browserName: firefox, browserVersion: 102.0, moz:accessibilityChecks: false, moz:buildID: 20220623063721, moz:geckodriverVersion: 0.30.0, moz:headless: false, moz:processID: 4388, moz:profile: C:\Users\sauce\AppData\Loca..., moz:shutdownTimeout: 60000, moz:useNonSpecCompliantPointerOrigin: false, moz:webdriverClick: true, moz:windowless: false, pageLoadStrategy: normal, platformName: WINDOWS, platformVersion: 10.0, proxy: Proxy(), selenium:webdriver.remote.quietExceptions: false, setWindowRect: true, strictFileInteractability: false, timeouts: {implicit: 0, pageLoad: 300000, script: 30000}, unhandledPromptBehavior: dismiss and notify, webdriver.remote.sessionid: fbaf8b56-1c13-4785-aae5-04b...}
Session ID: 983c48f40beb4e05850dd75bc8d7a42e
at org.openqa.selenium.remote.codec.w3c.W3CHttpResponseCodec.createException(W3CHttpResponseCodec.java:200)
at org.openqa.selenium.remote.codec.w3c.W3CHttpResponseCodec.decode(W3CHttpResponseCodec.java:133)
at org.openqa.selenium.remote.codec.w3c.W3CHttpResponseCodec.decode(W3CHttpResponseCodec.java:53)
at org.openqa.selenium.remote.HttpCommandExecutor.execute(HttpCommandExecutor.java:184)
at org.openqa.selenium.remote.TracedCommandExecutor.execute(TracedCommandExecutor.java:51)
at org.openqa.selenium.remote.RemoteWebDriver.execute(RemoteWebDriver.java:551)
at org.openqa.selenium.remote.ElementLocation$ElementFinder$2.findElement(ElementLocation.java:162)
at org.openqa.selenium.remote.ElementLocation.findElement(ElementLocation.java:60)
at org.openqa.selenium.remote.RemoteWebDriver.findElement(RemoteWebDriver.java:369)
at org.openqa.selenium.remote.RemoteWebDriver.findElement(RemoteWebDriver.java:361)
at com.test.Saucelab.SauceTest.OpenGoogle(SauceTest.java:21)
at java.base/java.util.ArrayList.forEach(ArrayList.java:1511)
at java.base/java.util.concurrent.FutureTask.run(FutureTask.java:264)
at java.base/java.util.concurrent.ThreadPoolExecutor.runWorker(ThreadPoolExecutor.java:1136)
at java.base/java.util.concurrent.ThreadPoolExecutor$Worker.run(ThreadPoolExecutor.java:635)
at java.base/java.lang.Thread.run(Thread.java:833)
... Removed 23 stack frames]]>
    </failure>
  </testcase> <!-- OpenGoogle -->
</testsuite> <!-- Sauce Test - FF -->
