<?xml version="1.0" encoding="UTF-8"?>
<!-- Generated by org.testng.reporters.JUnitXMLReporter -->
<testsuite ignored="0" hostname="ASPBS-263" failures="0" tests="3" name="Test cases" time="55.921" errors="0" timestamp="2022-06-29T19:00:22 IST">
  <testcase classname="com.test.SampleMavenProject.ParallelExecution" name="OpenEdge" time="15.599"/>
  <testcase classname="com.test.SampleMavenProject.ParallelExecution" name="OpenFirefox" time="18.379"/>
  <testcase classname="com.test.SampleMavenProject.ParallelExecution" name="OpenGoogle" time="21.787"/>
</testsuite> <!-- Test cases -->
